<?xml version="1.0" encoding="UTF-8"?>
<!-- Generated by org.testng.reporters.JUnitXMLReporter -->
<testsuite ignored="0" hostname="Swapnil" failures="4" tests="6" name="Surefire test" time="29.352" errors="0" timestamp="2026-04-13T16:13:35 IST">
  <testcase classname="rahulshettyacademy.ErrorValidationTest" name="LoginErrorValidation" time="1.696">
    <skipped/>
  </testcase> <!-- LoginErrorValidation -->
  <testcase classname="rahulshettyacademy.ErrorValidationTest" name="LoginErrorValidation" time="1.427">
    <failure type="org.openqa.selenium.ElementClickInterceptedException" message="element click intercepted: Element is not clickable at point (381, 536)
  (Session info: chrome=146.0.7680.180)
Build info: version: &amp;apos;4.25.0&amp;apos;, revision: &amp;apos;8a8aea2337&amp;apos;
System info: os.name: &amp;apos;Windows 11&amp;apos;, os.arch: &amp;apos;amd64&amp;apos;, os.version: &amp;apos;10.0&amp;apos;, java.version: &amp;apos;26&amp;apos;
Driver info: org.openqa.selenium.chrome.ChromeDriver
Command: [1501b8f3dd3b9d6d9314b979c383d06c, clickElement {id=f.551A07124B5375D0AFC98F858DCC1CBE.d.8B2285BE41B0262CE8FD7C364CF2A5DE.e.5}]
Capabilities {acceptInsecureCerts: false, browserName: chrome, browserVersion: 146.0.7680.180, chrome: {chromedriverVersion: 146.0.7680.165 (4b989da09e1..., userDataDir: C:\Users\swapn\AppData\Loca...}, fedcm:accounts: true, goog:chromeOptions: {debuggerAddress: localhost:57558}, goog:processID: 20072, networkConnectionEnabled: false, pageLoadStrategy: normal, platformName: windows, proxy: Proxy(), se:cdp: ws://localhost:57558/devtoo..., se:cdpVersion: 146.0.7680.180, setWindowRect: true, strictFileInteractability: false, timeouts: {implicit: 0, pageLoad: 300000, script: 30000}, unhandledPromptBehavior: dismiss and notify, webauthn:extension:credBlob: true, webauthn:extension:largeBlob: true, webauthn:extension:minPinLength: true, webauthn:extension:prf: true, webauthn:virtualAuthenticators: true}
Element: [[ChromeDriver: chrome on windows (1501b8f3dd3b9d6d9314b979c383d06c)] -&amp;gt; id: login]
Session ID: 1501b8f3dd3b9d6d9314b979c383d06c">
      <![CDATA[org.openqa.selenium.ElementClickInterceptedException: element click intercepted: Element is not clickable at point (381, 536)
  (Session info: chrome=146.0.7680.180)
Build info: version: '4.25.0', revision: '8a8aea2337'
System info: os.name: 'Windows 11', os.arch: 'amd64', os.version: '10.0', java.version: '26'
Driver info: org.openqa.selenium.chrome.ChromeDriver
Command: [1501b8f3dd3b9d6d9314b979c383d06c, clickElement {id=f.551A07124B5375D0AFC98F858DCC1CBE.d.8B2285BE41B0262CE8FD7C364CF2A5DE.e.5}]
Capabilities {acceptInsecureCerts: false, browserName: chrome, browserVersion: 146.0.7680.180, chrome: {chromedriverVersion: 146.0.7680.165 (4b989da09e1..., userDataDir: C:\Users\swapn\AppData\Loca...}, fedcm:accounts: true, goog:chromeOptions: {debuggerAddress: localhost:57558}, goog:processID: 20072, networkConnectionEnabled: false, pageLoadStrategy: normal, platformName: windows, proxy: Proxy(), se:cdp: ws://localhost:57558/devtoo..., se:cdpVersion: 146.0.7680.180, setWindowRect: true, strictFileInteractability: false, timeouts: {implicit: 0, pageLoad: 300000, script: 30000}, unhandledPromptBehavior: dismiss and notify, webauthn:extension:credBlob: true, webauthn:extension:largeBlob: true, webauthn:extension:minPinLength: true, webauthn:extension:prf: true, webauthn:virtualAuthenticators: true}
Element: [[ChromeDriver: chrome on windows (1501b8f3dd3b9d6d9314b979c383d06c)] -> id: login]
Session ID: 1501b8f3dd3b9d6d9314b979c383d06c
at org.openqa.selenium.remote.ErrorCodec.decode(ErrorCodec.java:167)
at org.openqa.selenium.remote.codec.w3c.W3CHttpResponseCodec.decode(W3CHttpResponseCodec.java:138)
at org.openqa.selenium.remote.codec.w3c.W3CHttpResponseCodec.decode(W3CHttpResponseCodec.java:50)
at org.openqa.selenium.remote.HttpCommandExecutor.execute(HttpCommandExecutor.java:190)
at org.openqa.selenium.remote.service.DriverCommandExecutor.invokeExecute(DriverCommandExecutor.java:216)
at org.openqa.selenium.remote.service.DriverCommandExecutor.execute(DriverCommandExecutor.java:174)
at org.openqa.selenium.remote.RemoteWebDriver.execute(RemoteWebDriver.java:545)
at org.openqa.selenium.remote.RemoteWebElement.execute(RemoteWebElement.java:223)
at org.openqa.selenium.remote.RemoteWebElement.click(RemoteWebElement.java:76)
at org.openqa.selenium.support.pagefactory.internal.LocatingElementHandler.invoke(LocatingElementHandler.java:51)
at jdk.proxy2/jdk.proxy2.$Proxy11.click(Unknown Source)
at rahulshettyacademy.pageobjects.LoginPage.login(LoginPage.java:37)
at rahulshettyacademy.ErrorValidationTest.LoginErrorValidation(ErrorValidationTest.java:35)
at java.base/java.util.ArrayList.forEach(ArrayList.java:1612)
... Removed 35 stack frames]]>
    </failure>
  </testcase> <!-- LoginErrorValidation -->
  <testcase classname="rahulshettyacademy.ErrorValidationTest" name="ProductErrorValidation" time="1.736">
    <failure type="org.openqa.selenium.ElementClickInterceptedException" message="element click intercepted: Element is not clickable at point (381, 524)
  (Session info: chrome=146.0.7680.180)
Build info: version: &amp;apos;4.25.0&amp;apos;, revision: &amp;apos;8a8aea2337&amp;apos;
System info: os.name: &amp;apos;Windows 11&amp;apos;, os.arch: &amp;apos;amd64&amp;apos;, os.version: &amp;apos;10.0&amp;apos;, java.version: &amp;apos;26&amp;apos;
Driver info: org.openqa.selenium.chrome.ChromeDriver
Command: [e75aa789fae06feaf7df568d31a8e0a8, clickElement {id=f.62A10FC6BBD58C38340455CEF009F1A3.d.47F47E34E723E689F98E74554BE9C10B.e.18}]
Capabilities {acceptInsecureCerts: false, browserName: chrome, browserVersion: 146.0.7680.180, chrome: {chromedriverVersion: 146.0.7680.165 (4b989da09e1..., userDataDir: C:\Users\swapn\AppData\Loca...}, fedcm:accounts: true, goog:chromeOptions: {debuggerAddress: localhost:60484}, goog:processID: 23640, networkConnectionEnabled: false, pageLoadStrategy: normal, platformName: windows, proxy: Proxy(), se:cdp: ws://localhost:60484/devtoo..., se:cdpVersion: 146.0.7680.180, setWindowRect: true, strictFileInteractability: false, timeouts: {implicit: 0, pageLoad: 300000, script: 30000}, unhandledPromptBehavior: dismiss and notify, webauthn:extension:credBlob: true, webauthn:extension:largeBlob: true, webauthn:extension:minPinLength: true, webauthn:extension:prf: true, webauthn:virtualAuthenticators: true}
Element: [[ChromeDriver: chrome on windows (e75aa789fae06feaf7df568d31a8e0a8)] -&amp;gt; id: login]
Session ID: e75aa789fae06feaf7df568d31a8e0a8">
      <![CDATA[org.openqa.selenium.ElementClickInterceptedException: element click intercepted: Element is not clickable at point (381, 524)
  (Session info: chrome=146.0.7680.180)
Build info: version: '4.25.0', revision: '8a8aea2337'
System info: os.name: 'Windows 11', os.arch: 'amd64', os.version: '10.0', java.version: '26'
Driver info: org.openqa.selenium.chrome.ChromeDriver
Command: [e75aa789fae06feaf7df568d31a8e0a8, clickElement {id=f.62A10FC6BBD58C38340455CEF009F1A3.d.47F47E34E723E689F98E74554BE9C10B.e.18}]
Capabilities {acceptInsecureCerts: false, browserName: chrome, browserVersion: 146.0.7680.180, chrome: {chromedriverVersion: 146.0.7680.165 (4b989da09e1..., userDataDir: C:\Users\swapn\AppData\Loca...}, fedcm:accounts: true, goog:chromeOptions: {debuggerAddress: localhost:60484}, goog:processID: 23640, networkConnectionEnabled: false, pageLoadStrategy: normal, platformName: windows, proxy: Proxy(), se:cdp: ws://localhost:60484/devtoo..., se:cdpVersion: 146.0.7680.180, setWindowRect: true, strictFileInteractability: false, timeouts: {implicit: 0, pageLoad: 300000, script: 30000}, unhandledPromptBehavior: dismiss and notify, webauthn:extension:credBlob: true, webauthn:extension:largeBlob: true, webauthn:extension:minPinLength: true, webauthn:extension:prf: true, webauthn:virtualAuthenticators: true}
Element: [[ChromeDriver: chrome on windows (e75aa789fae06feaf7df568d31a8e0a8)] -> id: login]
Session ID: e75aa789fae06feaf7df568d31a8e0a8
at org.openqa.selenium.remote.ErrorCodec.decode(ErrorCodec.java:167)
at org.openqa.selenium.remote.codec.w3c.W3CHttpResponseCodec.decode(W3CHttpResponseCodec.java:138)
at org.openqa.selenium.remote.codec.w3c.W3CHttpResponseCodec.decode(W3CHttpResponseCodec.java:50)
at org.openqa.selenium.remote.HttpCommandExecutor.execute(HttpCommandExecutor.java:190)
at org.openqa.selenium.remote.service.DriverCommandExecutor.invokeExecute(DriverCommandExecutor.java:216)
at org.openqa.selenium.remote.service.DriverCommandExecutor.execute(DriverCommandExecutor.java:174)
at org.openqa.selenium.remote.RemoteWebDriver.execute(RemoteWebDriver.java:545)
at org.openqa.selenium.remote.RemoteWebElement.execute(RemoteWebElement.java:223)
at org.openqa.selenium.remote.RemoteWebElement.click(RemoteWebElement.java:76)
at org.openqa.selenium.support.pagefactory.internal.LocatingElementHandler.invoke(LocatingElementHandler.java:51)
at jdk.proxy2/jdk.proxy2.$Proxy11.click(Unknown Source)
at rahulshettyacademy.pageobjects.LoginPage.login(LoginPage.java:37)
at rahulshettyacademy.ErrorValidationTest.ProductErrorValidation(ErrorValidationTest.java:51)
at java.base/java.util.ArrayList.forEach(ArrayList.java:1612)
... Removed 35 stack frames]]>
    </failure>
  </testcase> <!-- ProductErrorValidation -->
  <testcase classname="rahulshettyacademy.StandAlonTest" name="submitOrder" time="1.721">
    <failure type="org.openqa.selenium.ElementClickInterceptedException" message="element click intercepted: Element is not clickable at point (381, 530)
  (Session info: chrome=146.0.7680.180)
Build info: version: &amp;apos;4.25.0&amp;apos;, revision: &amp;apos;8a8aea2337&amp;apos;
System info: os.name: &amp;apos;Windows 11&amp;apos;, os.arch: &amp;apos;amd64&amp;apos;, os.version: &amp;apos;10.0&amp;apos;, java.version: &amp;apos;26&amp;apos;
Driver info: org.openqa.selenium.chrome.ChromeDriver
Command: [8919821663142d8fb7ff0578670927fc, clickElement {id=f.39008083888421A540BB445B89FFEA2D.d.2BB6E7464E4F19409E2E5DA29754D82B.e.19}]
Capabilities {acceptInsecureCerts: false, browserName: chrome, browserVersion: 146.0.7680.180, chrome: {chromedriverVersion: 146.0.7680.165 (4b989da09e1..., userDataDir: C:\Users\swapn\AppData\Loca...}, fedcm:accounts: true, goog:chromeOptions: {debuggerAddress: localhost:58217}, goog:processID: 32948, networkConnectionEnabled: false, pageLoadStrategy: normal, platformName: windows, proxy: Proxy(), se:cdp: ws://localhost:58217/devtoo..., se:cdpVersion: 146.0.7680.180, setWindowRect: true, strictFileInteractability: false, timeouts: {implicit: 0, pageLoad: 300000, script: 30000}, unhandledPromptBehavior: dismiss and notify, webauthn:extension:credBlob: true, webauthn:extension:largeBlob: true, webauthn:extension:minPinLength: true, webauthn:extension:prf: true, webauthn:virtualAuthenticators: true}
Element: [[ChromeDriver: chrome on windows (8919821663142d8fb7ff0578670927fc)] -&amp;gt; id: login]
Session ID: 8919821663142d8fb7ff0578670927fc">
      <![CDATA[org.openqa.selenium.ElementClickInterceptedException: element click intercepted: Element is not clickable at point (381, 530)
  (Session info: chrome=146.0.7680.180)
Build info: version: '4.25.0', revision: '8a8aea2337'
System info: os.name: 'Windows 11', os.arch: 'amd64', os.version: '10.0', java.version: '26'
Driver info: org.openqa.selenium.chrome.ChromeDriver
Command: [8919821663142d8fb7ff0578670927fc, clickElement {id=f.39008083888421A540BB445B89FFEA2D.d.2BB6E7464E4F19409E2E5DA29754D82B.e.19}]
Capabilities {acceptInsecureCerts: false, browserName: chrome, browserVersion: 146.0.7680.180, chrome: {chromedriverVersion: 146.0.7680.165 (4b989da09e1..., userDataDir: C:\Users\swapn\AppData\Loca...}, fedcm:accounts: true, goog:chromeOptions: {debuggerAddress: localhost:58217}, goog:processID: 32948, networkConnectionEnabled: false, pageLoadStrategy: normal, platformName: windows, proxy: Proxy(), se:cdp: ws://localhost:58217/devtoo..., se:cdpVersion: 146.0.7680.180, setWindowRect: true, strictFileInteractability: false, timeouts: {implicit: 0, pageLoad: 300000, script: 30000}, unhandledPromptBehavior: dismiss and notify, webauthn:extension:credBlob: true, webauthn:extension:largeBlob: true, webauthn:extension:minPinLength: true, webauthn:extension:prf: true, webauthn:virtualAuthenticators: true}
Element: [[ChromeDriver: chrome on windows (8919821663142d8fb7ff0578670927fc)] -> id: login]
Session ID: 8919821663142d8fb7ff0578670927fc
at org.openqa.selenium.remote.ErrorCodec.decode(ErrorCodec.java:167)
at org.openqa.selenium.remote.codec.w3c.W3CHttpResponseCodec.decode(W3CHttpResponseCodec.java:138)
at org.openqa.selenium.remote.codec.w3c.W3CHttpResponseCodec.decode(W3CHttpResponseCodec.java:50)
at org.openqa.selenium.remote.HttpCommandExecutor.execute(HttpCommandExecutor.java:190)
at org.openqa.selenium.remote.service.DriverCommandExecutor.invokeExecute(DriverCommandExecutor.java:216)
at org.openqa.selenium.remote.service.DriverCommandExecutor.execute(DriverCommandExecutor.java:174)
at org.openqa.selenium.remote.RemoteWebDriver.execute(RemoteWebDriver.java:545)
at org.openqa.selenium.remote.RemoteWebElement.execute(RemoteWebElement.java:223)
at org.openqa.selenium.remote.RemoteWebElement.click(RemoteWebElement.java:76)
at org.openqa.selenium.support.pagefactory.internal.LocatingElementHandler.invoke(LocatingElementHandler.java:51)
at jdk.proxy2/jdk.proxy2.$Proxy11.click(Unknown Source)
at rahulshettyacademy.pageobjects.LoginPage.login(LoginPage.java:37)
at rahulshettyacademy.StandAlonTest.submitOrder(StandAlonTest.java:46)
at java.base/java.util.ArrayList.forEach(ArrayList.java:1612)
... Removed 35 stack frames]]>
    </failure>
  </testcase> <!-- submitOrder -->
  <testcase classname="rahulshettyacademy.StandAlonTest" name="submitOrder" time="1.572">
    <failure type="org.openqa.selenium.ElementClickInterceptedException" message="element click intercepted: Element is not clickable at point (381, 542)
  (Session info: chrome=146.0.7680.180)
Build info: version: &amp;apos;4.25.0&amp;apos;, revision: &amp;apos;8a8aea2337&amp;apos;
System info: os.name: &amp;apos;Windows 11&amp;apos;, os.arch: &amp;apos;amd64&amp;apos;, os.version: &amp;apos;10.0&amp;apos;, java.version: &amp;apos;26&amp;apos;
Driver info: org.openqa.selenium.chrome.ChromeDriver
Command: [2f280b14a1b46b4d5753997c52922e73, clickElement {id=f.72E7FC8338A0DDA9F895B2CB09E4EB78.d.44D3F44D47DC8BAE22E209DE8891E732.e.19}]
Capabilities {acceptInsecureCerts: false, browserName: chrome, browserVersion: 146.0.7680.180, chrome: {chromedriverVersion: 146.0.7680.165 (4b989da09e1..., userDataDir: C:\Users\swapn\AppData\Loca...}, fedcm:accounts: true, goog:chromeOptions: {debuggerAddress: localhost:51166}, goog:processID: 21560, networkConnectionEnabled: false, pageLoadStrategy: normal, platformName: windows, proxy: Proxy(), se:cdp: ws://localhost:51166/devtoo..., se:cdpVersion: 146.0.7680.180, setWindowRect: true, strictFileInteractability: false, timeouts: {implicit: 0, pageLoad: 300000, script: 30000}, unhandledPromptBehavior: dismiss and notify, webauthn:extension:credBlob: true, webauthn:extension:largeBlob: true, webauthn:extension:minPinLength: true, webauthn:extension:prf: true, webauthn:virtualAuthenticators: true}
Element: [[ChromeDriver: chrome on windows (2f280b14a1b46b4d5753997c52922e73)] -&amp;gt; id: login]
Session ID: 2f280b14a1b46b4d5753997c52922e73">
      <![CDATA[org.openqa.selenium.ElementClickInterceptedException: element click intercepted: Element is not clickable at point (381, 542)
  (Session info: chrome=146.0.7680.180)
Build info: version: '4.25.0', revision: '8a8aea2337'
System info: os.name: 'Windows 11', os.arch: 'amd64', os.version: '10.0', java.version: '26'
Driver info: org.openqa.selenium.chrome.ChromeDriver
Command: [2f280b14a1b46b4d5753997c52922e73, clickElement {id=f.72E7FC8338A0DDA9F895B2CB09E4EB78.d.44D3F44D47DC8BAE22E209DE8891E732.e.19}]
Capabilities {acceptInsecureCerts: false, browserName: chrome, browserVersion: 146.0.7680.180, chrome: {chromedriverVersion: 146.0.7680.165 (4b989da09e1..., userDataDir: C:\Users\swapn\AppData\Loca...}, fedcm:accounts: true, goog:chromeOptions: {debuggerAddress: localhost:51166}, goog:processID: 21560, networkConnectionEnabled: false, pageLoadStrategy: normal, platformName: windows, proxy: Proxy(), se:cdp: ws://localhost:51166/devtoo..., se:cdpVersion: 146.0.7680.180, setWindowRect: true, strictFileInteractability: false, timeouts: {implicit: 0, pageLoad: 300000, script: 30000}, unhandledPromptBehavior: dismiss and notify, webauthn:extension:credBlob: true, webauthn:extension:largeBlob: true, webauthn:extension:minPinLength: true, webauthn:extension:prf: true, webauthn:virtualAuthenticators: true}
Element: [[ChromeDriver: chrome on windows (2f280b14a1b46b4d5753997c52922e73)] -> id: login]
Session ID: 2f280b14a1b46b4d5753997c52922e73
at org.openqa.selenium.remote.ErrorCodec.decode(ErrorCodec.java:167)
at org.openqa.selenium.remote.codec.w3c.W3CHttpResponseCodec.decode(W3CHttpResponseCodec.java:138)
at org.openqa.selenium.remote.codec.w3c.W3CHttpResponseCodec.decode(W3CHttpResponseCodec.java:50)
at org.openqa.selenium.remote.HttpCommandExecutor.execute(HttpCommandExecutor.java:190)
at org.openqa.selenium.remote.service.DriverCommandExecutor.invokeExecute(DriverCommandExecutor.java:216)
at org.openqa.selenium.remote.service.DriverCommandExecutor.execute(DriverCommandExecutor.java:174)
at org.openqa.selenium.remote.RemoteWebDriver.execute(RemoteWebDriver.java:545)
at org.openqa.selenium.remote.RemoteWebElement.execute(RemoteWebElement.java:223)
at org.openqa.selenium.remote.RemoteWebElement.click(RemoteWebElement.java:76)
at org.openqa.selenium.support.pagefactory.internal.LocatingElementHandler.invoke(LocatingElementHandler.java:51)
at jdk.proxy2/jdk.proxy2.$Proxy11.click(Unknown Source)
at rahulshettyacademy.pageobjects.LoginPage.login(LoginPage.java:37)
at rahulshettyacademy.StandAlonTest.submitOrder(StandAlonTest.java:46)
at java.base/java.util.ArrayList.forEach(ArrayList.java:1612)
... Removed 35 stack frames]]>
    </failure>
  </testcase> <!-- submitOrder -->
  <testcase classname="rahulshettyacademy.StandAlonTest" name="OrderHistoryTest" time="0.0">
    <skipped/>
  </testcase> <!-- OrderHistoryTest -->
</testsuite> <!-- Surefire test -->
