<?xml version="1.0" encoding="UTF-8"?>
<!-- Generated by org.testng.reporters.JUnitXMLReporter -->
<testsuite ignored="0" hostname="Swapnil" failures="0" tests="5" name="Surefire test" time="69.627" errors="0" timestamp="2026-04-14T18:49:52 IST">
  <testcase classname="rahulshettyacademy.ErrorValidationTest" name="LoginErrorValidation" time="1.018"/>
  <testcase classname="rahulshettyacademy.ErrorValidationTest" name="ProductErrorValidation" time="14.761"/>
  <testcase classname="rahulshettyacademy.StandAlonTest" name="submitOrder" time="6.011"/>
  <testcase classname="rahulshettyacademy.StandAlonTest" name="submitOrder" time="18.795"/>
  <testcase classname="rahulshettyacademy.StandAlonTest" name="OrderHistoryTest" time="5.855"/>
</testsuite> <!-- Surefire test -->
