<?xml version="1.0" encoding="UTF-8"?>
<!-- Generated by org.testng.reporters.JUnitXMLReporter -->
<testsuite ignored="1" hostname="Swapnil" failures="0" tests="1" name="Default test" time="7.612" errors="0" timestamp="2026-04-14T15:52:21 IST">
  <testcase classname="rahulshettyacademy.ErrorValidationTest" name="LoginErrorValidation" time="0.987"/>
  <testcase classname="rahulshettyacademy.ErrorValidationTest" name="ProductErrorValidation" time="0.0">
    <ignored/>
  </testcase> <!-- ProductErrorValidation -->
</testsuite> <!-- Default test -->
