<?xml version="1.0" encoding="UTF-8"?>
<!-- Generated by org.testng.reporters.JUnitXMLReporter -->
<testsuite ignored="1" hostname="Swapnil" failures="0" tests="1" name="Default test" time="19.417" errors="0" timestamp="2026-04-13T14:18:12 IST">
  <testcase classname="rahulshettyacademy.ErrorValidationTest" name="ProductErrorValidation" time="14.287"/>
  <testcase classname="rahulshettyacademy.ErrorValidationTest" name="LoginErrorValidation" time="0.0">
    <ignored/>
  </testcase> <!-- LoginErrorValidation -->
</testsuite> <!-- Default test -->
