<?xml version="1.0" encoding="UTF-8"?>
<!-- Generated by org.testng.reporters.JUnitXMLReporter -->
<testsuite ignored="0" hostname="Swapnil" failures="1" tests="3" name="Error Valiation test" time="9.289" errors="0" timestamp="2026-04-13T11:33:12 IST">
  <testcase classname="rahulshettyacademy.ErrorValidationTest" name="LoginErrorValidation" time="0.454">
    <skipped/>
  </testcase> <!-- LoginErrorValidation -->
  <testcase classname="rahulshettyacademy.ErrorValidationTest" name="LoginErrorValidation" time="0.827">
    <failure type="java.lang.AssertionError" message="expected [Incorrect email or password..] but found [Incorrect email or password.]">
      <![CDATA[java.lang.AssertionError: expected [Incorrect email or password..] but found [Incorrect email or password.]
at rahulshettyacademy.ErrorValidationTest.LoginErrorValidation(ErrorValidationTest.java:41)
at java.base/java.util.ArrayList.forEach(ArrayList.java:1612)
... Removed 31 stack frames]]>
    </failure>
  </testcase> <!-- LoginErrorValidation -->
  <testcase classname="rahulshettyacademy.ErrorValidationTest" name="ProductErrorValidation" time="1.379"/>
</testsuite> <!-- Error Valiation test -->
