<?xml version="1.0" encoding="UTF-8"?>
<!-- Generated by org.testng.reporters.JUnitXMLReporter -->
<testsuite ignored="0" hostname="Swapnil" failures="0" tests="3" name="Submit order Test" time="55.098" errors="0" timestamp="2026-04-13T11:57:10 IST">
  <testcase classname="rahulshettyacademy.StandAlonTest" name="submitOrder" time="18.542"/>
  <testcase classname="rahulshettyacademy.StandAlonTest" name="submitOrder" time="18.162"/>
  <testcase classname="rahulshettyacademy.StandAlonTest" name="OrderHistoryTest" time="5.977"/>
</testsuite> <!-- Submit order Test -->
