<?xml version="1.0" encoding="UTF-8"?>
<!-- Generated by org.testng.reporters.JUnitXMLReporter -->
<testsuite ignored="0" hostname="Swapnil" failures="0" tests="2" name="Error Valiation test" time="22.293" errors="0" timestamp="2026-04-13T12:05:22 IST">
  <testcase classname="rahulshettyacademy.ErrorValidationTest" name="LoginErrorValidation" time="0.983"/>
  <testcase classname="rahulshettyacademy.ErrorValidationTest" name="ProductErrorValidation" time="15.517"/>
</testsuite> <!-- Error Valiation test -->
