<?xml version="1.0" encoding="UTF-8"?>
<!-- Generated by org.testng.reporters.JUnitXMLReporter -->
<testsuite ignored="0" hostname="Swapnil" failures="0" tests="3" name="Submit order Test" time="37.908" errors="0" timestamp="2026-04-13T12:05:00 IST">
  <testcase classname="rahulshettyacademy.StandAlonTest" name="submitOrder" time="6.489"/>
  <testcase classname="rahulshettyacademy.StandAlonTest" name="submitOrder" time="17.89"/>
  <testcase classname="rahulshettyacademy.StandAlonTest" name="OrderHistoryTest" time="5.88"/>
</testsuite> <!-- Submit order Test -->
