<?xml version="1.0" encoding="UTF-8"?>
<testng-results ignored="0" total="5" passed="5" failed="0" skipped="0">
  <reporter-output>
  </reporter-output>
  <suite started-at="2026-04-14T18:48:42 IST" name="Surefire suite" finished-at="2026-04-14T18:49:52 IST" duration-ms="69627">
    <groups>
      <group name="ErrorHandling">
        <method signature="ErrorValidationTest.ProductErrorValidation()[pri:0, instance:rahulshettyacademy.ErrorValidationTest@7920ba90]" name="ProductErrorValidation" class="rahulshettyacademy.ErrorValidationTest"/>
      </group> <!-- ErrorHandling -->
      <group name="purchase">
        <method signature="StandAlonTest.submitOrder(java.util.HashMap)[pri:0, instance:rahulshettyacademy.StandAlonTest@1460a8c0]" name="submitOrder" class="rahulshettyacademy.StandAlonTest"/>
      </group> <!-- purchase -->
    </groups>
    <test started-at="2026-04-14T18:48:42 IST" name="Surefire test" finished-at="2026-04-14T18:49:52 IST" duration-ms="69627">
      <class name="rahulshettyacademy.StandAlonTest">
        <test-method is-config="true" signature="launchApplication()[pri:0, instance:rahulshettyacademy.StandAlonTest@1460a8c0]" started-at="2026-04-14T18:49:11 IST" name="launchApplication" finished-at="2026-04-14T18:49:15 IST" duration-ms="3799" status="PASS">
          <reporter-output>
          </reporter-output>
        </test-method> <!-- launchApplication -->
        <test-method signature="submitOrder(java.util.HashMap)[pri:0, instance:rahulshettyacademy.StandAlonTest@1460a8c0]" started-at="2026-04-14T18:49:15 IST" name="submitOrder" data-provider="getData" finished-at="2026-04-14T18:49:21 IST" duration-ms="6011" status="PASS">
          <params>
            <param index="0">
              <value>
                <![CDATA[{password=Edenred2018*, product=ZARA COAT 3, email=swapnilyjoshi@gmail.com}]]>
              </value>
            </param>
          </params>
          <reporter-output>
          </reporter-output>
        </test-method> <!-- submitOrder -->
        <test-method is-config="true" signature="tearDown()[pri:0, instance:rahulshettyacademy.StandAlonTest@1460a8c0]" started-at="2026-04-14T18:49:21 IST" name="tearDown" finished-at="2026-04-14T18:49:21 IST" duration-ms="131" status="PASS">
          <reporter-output>
          </reporter-output>
        </test-method> <!-- tearDown -->
        <test-method is-config="true" signature="launchApplication()[pri:0, instance:rahulshettyacademy.StandAlonTest@1460a8c0]" started-at="2026-04-14T18:49:21 IST" name="launchApplication" finished-at="2026-04-14T18:49:25 IST" duration-ms="3956" status="PASS">
          <reporter-output>
          </reporter-output>
        </test-method> <!-- launchApplication -->
        <test-method signature="submitOrder(java.util.HashMap)[pri:0, instance:rahulshettyacademy.StandAlonTest@1460a8c0]" started-at="2026-04-14T18:49:25 IST" name="submitOrder" data-provider="getData" finished-at="2026-04-14T18:49:44 IST" duration-ms="18795" status="PASS">
          <params>
            <param index="0">
              <value>
                <![CDATA[{password=Edenred2018*, product=ADIDAS ORIGINAL, email=swapnilyjoshi@gmail.com}]]>
              </value>
            </param>
          </params>
          <reporter-output>
          </reporter-output>
        </test-method> <!-- submitOrder -->
        <test-method is-config="true" signature="tearDown()[pri:0, instance:rahulshettyacademy.StandAlonTest@1460a8c0]" started-at="2026-04-14T18:49:44 IST" name="tearDown" finished-at="2026-04-14T18:49:44 IST" duration-ms="194" status="PASS">
          <reporter-output>
          </reporter-output>
        </test-method> <!-- tearDown -->
        <test-method is-config="true" signature="launchApplication()[pri:0, instance:rahulshettyacademy.StandAlonTest@1460a8c0]" started-at="2026-04-14T18:49:44 IST" name="launchApplication" finished-at="2026-04-14T18:49:46 IST" duration-ms="2284" status="PASS">
          <reporter-output>
          </reporter-output>
        </test-method> <!-- launchApplication -->
        <test-method signature="OrderHistoryTest()[pri:0, instance:rahulshettyacademy.StandAlonTest@1460a8c0]" started-at="2026-04-14T18:49:46 IST" name="OrderHistoryTest" finished-at="2026-04-14T18:49:52 IST" depends-on-methods="rahulshettyacademy.StandAlonTest.submitOrder" duration-ms="5855" status="PASS">
          <reporter-output>
          </reporter-output>
        </test-method> <!-- OrderHistoryTest -->
        <test-method is-config="true" signature="tearDown()[pri:0, instance:rahulshettyacademy.StandAlonTest@1460a8c0]" started-at="2026-04-14T18:49:52 IST" name="tearDown" finished-at="2026-04-14T18:49:52 IST" duration-ms="189" status="PASS">
          <reporter-output>
          </reporter-output>
        </test-method> <!-- tearDown -->
      </class> <!-- rahulshettyacademy.StandAlonTest -->
      <class name="rahulshettyacademy.ErrorValidationTest">
        <test-method is-config="true" signature="launchApplication()[pri:0, instance:rahulshettyacademy.ErrorValidationTest@7920ba90]" started-at="2026-04-14T18:48:42 IST" name="launchApplication" finished-at="2026-04-14T18:48:50 IST" duration-ms="7692" status="PASS">
          <reporter-output>
          </reporter-output>
        </test-method> <!-- launchApplication -->
        <test-method signature="LoginErrorValidation()[pri:0, instance:rahulshettyacademy.ErrorValidationTest@7920ba90]" started-at="2026-04-14T18:48:50 IST" name="LoginErrorValidation" finished-at="2026-04-14T18:48:51 IST" duration-ms="1018" status="PASS">
          <reporter-output>
          </reporter-output>
        </test-method> <!-- LoginErrorValidation -->
        <test-method is-config="true" signature="tearDown()[pri:0, instance:rahulshettyacademy.ErrorValidationTest@7920ba90]" started-at="2026-04-14T18:48:51 IST" name="tearDown" finished-at="2026-04-14T18:48:51 IST" duration-ms="200" status="PASS">
          <reporter-output>
          </reporter-output>
        </test-method> <!-- tearDown -->
        <test-method is-config="true" signature="launchApplication()[pri:0, instance:rahulshettyacademy.ErrorValidationTest@7920ba90]" started-at="2026-04-14T18:48:51 IST" name="launchApplication" finished-at="2026-04-14T18:48:55 IST" duration-ms="4048" status="PASS">
          <reporter-output>
          </reporter-output>
        </test-method> <!-- launchApplication -->
        <test-method signature="ProductErrorValidation()[pri:0, instance:rahulshettyacademy.ErrorValidationTest@7920ba90]" started-at="2026-04-14T18:48:55 IST" name="ProductErrorValidation" finished-at="2026-04-14T18:49:10 IST" duration-ms="14761" status="PASS">
          <reporter-output>
          </reporter-output>
        </test-method> <!-- ProductErrorValidation -->
        <test-method is-config="true" signature="tearDown()[pri:0, instance:rahulshettyacademy.ErrorValidationTest@7920ba90]" started-at="2026-04-14T18:49:10 IST" name="tearDown" finished-at="2026-04-14T18:49:10 IST" duration-ms="188" status="PASS">
          <reporter-output>
          </reporter-output>
        </test-method> <!-- tearDown -->
      </class> <!-- rahulshettyacademy.ErrorValidationTest -->
    </test> <!-- Surefire test -->
  </suite> <!-- Surefire suite -->
</testng-results>
