<?xml version="1.0" encoding="UTF-8"?>
<testng-results ignored="1" total="2" passed="1" failed="0" skipped="0">
  <reporter-output>
  </reporter-output>
  <suite started-at="2026-04-14T15:52:13 IST" name="Default suite" finished-at="2026-04-14T15:52:21 IST" duration-ms="7612">
    <groups>
    </groups>
    <test started-at="2026-04-14T15:52:13 IST" name="Default test" finished-at="2026-04-14T15:52:21 IST" duration-ms="7612">
      <class name="rahulshettyacademy.ErrorValidationTest">
        <test-method is-config="true" signature="launchApplication()[pri:0, instance:rahulshettyacademy.ErrorValidationTest@815b41f]" started-at="2026-04-14T15:52:13 IST" name="launchApplication" finished-at="2026-04-14T15:52:19 IST" duration-ms="6426" status="PASS">
          <reporter-output>
          </reporter-output>
        </test-method> <!-- launchApplication -->
        <test-method signature="LoginErrorValidation()[pri:0, instance:rahulshettyacademy.ErrorValidationTest@815b41f]" started-at="2026-04-14T15:52:19 IST" name="LoginErrorValidation" finished-at="2026-04-14T15:52:20 IST" duration-ms="987" status="PASS">
          <reporter-output>
          </reporter-output>
        </test-method> <!-- LoginErrorValidation -->
        <test-method is-config="true" signature="tearDown()[pri:0, instance:rahulshettyacademy.ErrorValidationTest@815b41f]" started-at="2026-04-14T15:52:20 IST" name="tearDown" finished-at="2026-04-14T15:52:21 IST" duration-ms="155" status="PASS">
          <reporter-output>
          </reporter-output>
        </test-method> <!-- tearDown -->
      </class> <!-- rahulshettyacademy.ErrorValidationTest -->
    </test> <!-- Default test -->
  </suite> <!-- Default suite -->
</testng-results>
