<?xml version="1.0" encoding="UTF-8"?>
<!-- Generated by org.testng.reporters.JUnitReportReporter -->
<testsuite hostname="Swapnil" failures="0" tests="3" name="rahulshettyacademy.StandAlonTest" time="54.855" errors="0" timestamp="2026-04-13T11:57:10 IST" skipped="0">
  <testcase classname="rahulshettyacademy.StandAlonTest" name="submitOrder" time="23.909"/>
  <testcase classname="rahulshettyacademy.StandAlonTest" name="OrderHistoryTest" time="8.805"/>
  <testcase classname="rahulshettyacademy.StandAlonTest" name="submitOrder" time="22.141"/>
</testsuite> <!-- rahulshettyacademy.StandAlonTest -->
