<?xml version="1.0" encoding="UTF-8"?>
<!-- Generated by org.testng.reporters.JUnitReportReporter -->
<testsuite hostname="Swapnil" failures="0" tests="2" name="rahulshettyacademy.ErrorValidationTest" time="27.907" errors="0" timestamp="2026-04-14T18:49:52 IST" skipped="0">
  <testcase classname="rahulshettyacademy.ErrorValidationTest" name="LoginErrorValidation" time="8.910"/>
  <testcase classname="rahulshettyacademy.ErrorValidationTest" name="ProductErrorValidation" time="18.997"/>
</testsuite> <!-- rahulshettyacademy.ErrorValidationTest -->
