<?xml version="1.0" encoding="UTF-8"?>
<!-- Generated by org.testng.reporters.JUnitReportReporter -->
<testsuite hostname="Swapnil" failures="0" tests="3" name="rahulshettyacademy.StandAlonTest" time="41.214" errors="0" timestamp="2026-04-14T18:49:52 IST" skipped="0">
  <testcase classname="rahulshettyacademy.StandAlonTest" name="OrderHistoryTest" time="9.785"/>
  <testcase classname="rahulshettyacademy.StandAlonTest" name="submitOrder" time="22.940"/>
  <testcase classname="rahulshettyacademy.StandAlonTest" name="submitOrder" time="8.489"/>
</testsuite> <!-- rahulshettyacademy.StandAlonTest -->
